<?xml version="1.0" encoding="UTF-8"?>
<testng-results skipped="0" failed="0" ignored="0" total="1" passed="1">
  <reporter-output>
  </reporter-output>
  <suite name="Default suite" duration-ms="20450" started-at="2020-03-25T10:47:50 EDT" finished-at="2020-03-25T10:48:11 EDT">
    <groups>
    </groups>
    <test name="Default test" duration-ms="20450" started-at="2020-03-25T10:47:50 EDT" finished-at="2020-03-25T10:48:11 EDT">
      <class name="com.TestNG.TestNG">
        <test-method status="PASS" signature="runsetup()[pri:0, instance:com.TestNG.TestNG@5a1c0542]" name="runsetup" is-config="true" duration-ms="10578" started-at="2020-03-25T10:47:50 EDT" finished-at="2020-03-25T10:48:01 EDT">
          <reporter-output>
          </reporter-output>
        </test-method> <!-- runsetup -->
        <test-method status="PASS" signature="getTrip()[pri:0, instance:com.TestNG.TestNG@5a1c0542]" name="getTrip" duration-ms="9830" started-at="2020-03-25T10:48:01 EDT" finished-at="2020-03-25T10:48:11 EDT">
          <reporter-output>
          </reporter-output>
        </test-method> <!-- getTrip -->
      </class> <!-- com.TestNG.TestNG -->
    </test> <!-- Default test -->
  </suite> <!-- Default suite -->
</testng-results>
