<?xml version="1.0" encoding="UTF-8"?>
<!-- Generated by org.testng.reporters.JUnitXMLReporter -->
<testsuite hostname="DESKTOP-NLUCBKR" ignored="0" name="Default test" tests="2" failures="0" timestamp="2020-04-13T13:09:12 EDT" time="36.165" errors="0">
  <testcase name="runScenario" time="12.806" classname="cucumber.api.testng.AbstractTestNGCucumberTests"/>
  <testcase name="runScenario" time="23.087" classname="cucumber.api.testng.AbstractTestNGCucumberTests"/>
</testsuite> <!-- Default test -->
